<?xml version="1.0" encoding="UTF-8"?>
<testng-results skipped="0" failed="0" total="1" passed="1">
  <reporter-output>
  </reporter-output>
  <suite name="Smoke test" duration-ms="143720" started-at="2015-03-19T11:10:30Z" finished-at="2015-03-19T11:12:54Z">
    <groups>
    </groups>
    <test name="Checkout page" duration-ms="143720" started-at="2015-03-19T11:10:30Z" finished-at="2015-03-19T11:12:54Z">
      <class name="product.Recently_viewed">
        <test-method status="PASS" signature="init()[pri:0, instance:product.Recently_viewed@2d3fcdbd]" name="init" is-config="true" duration-ms="7592" started-at="2015-03-19T15:10:30Z" finished-at="2015-03-19T15:10:38Z">
          <reporter-output>
          </reporter-output>
        </test-method> <!-- init -->
        <test-method status="PASS" signature="Recently_viewed()[pri:0, instance:product.Recently_viewed@2d3fcdbd]" name="Recently_viewed" duration-ms="134713" started-at="2015-03-19T15:10:38Z" finished-at="2015-03-19T15:12:53Z">
          <reporter-output>
          </reporter-output>
        </test-method> <!-- Recently_viewed -->
        <test-method status="PASS" signature="stopDriver()[pri:0, instance:product.Recently_viewed@2d3fcdbd]" name="stopDriver" is-config="true" duration-ms="1334" started-at="2015-03-19T15:12:53Z" finished-at="2015-03-19T15:12:54Z">
          <reporter-output>
          </reporter-output>
        </test-method> <!-- stopDriver -->
        <test-method status="PASS" signature="tearDown()[pri:0, instance:product.Recently_viewed@2d3fcdbd]" name="tearDown" is-config="true" duration-ms="0" started-at="2015-03-19T15:12:55Z" finished-at="2015-03-19T15:12:55Z">
          <reporter-output>
          </reporter-output>
        </test-method> <!-- tearDown -->
      </class> <!-- product.Recently_viewed -->
    </test> <!-- Checkout page -->
  </suite> <!-- Smoke test -->
</testng-results>
