-------------------------------------------------------------------------------
Test set: TestSuite
-------------------------------------------------------------------------------
Tests run: 47, Failures: 6, Errors: 0, Skipped: 0, Time elapsed: 2,576.079 sec <<< FAILURE! - in TestSuite
Delete_cart(cart.Delete_cart)  Time elapsed: 10.329 sec  <<< FAILURE!
org.openqa.selenium.ElementNotVisibleException: element not visible
  (Session info: chrome=40.0.2214.115)
  (Driver info: chromedriver=2.9.248315,platform=Windows NT 6.2 x86_64) (WARNING: The server did not provide any stacktrace information)
Command duration or timeout: 22 milliseconds
Build info: version: '2.43.1', revision: '5163bce', time: '2014-09-10 16:27:58'
System info: host: 'PC-SBARANOVA', ip: '192.168.56.1', os.name: 'Windows 8', os.arch: 'amd64', os.version: '6.2', java.version: '1.8.0_25'
Driver info: org.openqa.selenium.chrome.ChromeDriver
Capabilities [{applicationCacheEnabled=false, rotatable=false, chrome={userDataDir=C:\Users\Lana\AppData\Local\Temp\scoped_dir8880_19903}, takesHeapSnapshot=true, databaseEnabled=false, handlesAlerts=true, version=40.0.2214.115, platform=WIN8, browserConnectionEnabled=false, nativeEvents=true, acceptSslCerts=true, locationContextEnabled=true, webStorageEnabled=true, browserName=chrome, takesScreenshot=true, javascriptEnabled=true, cssSelectorsEnabled=true}]
Session ID: fcb1dff38833dcaeaf31c78f10dd773c
	at sun.reflect.NativeConstructorAccessorImpl.newInstance0(Native Method)
	at sun.reflect.NativeConstructorAccessorImpl.newInstance(NativeConstructorAccessorImpl.java:62)
	at sun.reflect.DelegatingConstructorAccessorImpl.newInstance(DelegatingConstructorAccessorImpl.java:45)
	at java.lang.reflect.Constructor.newInstance(Constructor.java:408)
	at org.openqa.selenium.remote.ErrorHandler.createThrowable(ErrorHandler.java:204)
	at org.openqa.selenium.remote.ErrorHandler.throwIfResponseFailed(ErrorHandler.java:156)
	at org.openqa.selenium.remote.RemoteWebDriver.execute(RemoteWebDriver.java:599)
	at org.openqa.selenium.remote.RemoteWebElement.execute(RemoteWebElement.java:268)
	at org.openqa.selenium.remote.RemoteWebElement.click(RemoteWebElement.java:79)
	at cart.Delete_cart.Delete_cart(Delete_cart.java:28)

Update(cart.Update)  Time elapsed: 25.919 sec  <<< FAILURE!
org.openqa.selenium.WebDriverException: unknown error: Element is not clickable at point (1152, 477). Other element would receive the click: <div class="item" id="cart-item-3128908">...</div>
  (Session info: chrome=40.0.2214.115)
  (Driver info: chromedriver=2.9.248315,platform=Windows NT 6.2 x86_64) (WARNING: The server did not provide any stacktrace information)
Command duration or timeout: 109 milliseconds
Build info: version: '2.43.1', revision: '5163bce', time: '2014-09-10 16:27:58'
System info: host: 'PC-SBARANOVA', ip: '192.168.56.1', os.name: 'Windows 8', os.arch: 'amd64', os.version: '6.2', java.version: '1.8.0_25'
Driver info: org.openqa.selenium.chrome.ChromeDriver
Capabilities [{applicationCacheEnabled=false, rotatable=false, chrome={userDataDir=C:\Users\Lana\AppData\Local\Temp\scoped_dir8880_19903}, takesHeapSnapshot=true, databaseEnabled=false, handlesAlerts=true, version=40.0.2214.115, platform=WIN8, browserConnectionEnabled=false, nativeEvents=true, acceptSslCerts=true, locationContextEnabled=true, webStorageEnabled=true, browserName=chrome, takesScreenshot=true, javascriptEnabled=true, cssSelectorsEnabled=true}]
Session ID: fcb1dff38833dcaeaf31c78f10dd773c
	at sun.reflect.NativeConstructorAccessorImpl.newInstance0(Native Method)
	at sun.reflect.NativeConstructorAccessorImpl.newInstance(NativeConstructorAccessorImpl.java:62)
	at sun.reflect.DelegatingConstructorAccessorImpl.newInstance(DelegatingConstructorAccessorImpl.java:45)
	at java.lang.reflect.Constructor.newInstance(Constructor.java:408)
	at org.openqa.selenium.remote.ErrorHandler.createThrowable(ErrorHandler.java:204)
	at org.openqa.selenium.remote.ErrorHandler.throwIfResponseFailed(ErrorHandler.java:156)
	at org.openqa.selenium.remote.RemoteWebDriver.execute(RemoteWebDriver.java:599)
	at org.openqa.selenium.remote.RemoteWebElement.execute(RemoteWebElement.java:268)
	at org.openqa.selenium.remote.RemoteWebElement.click(RemoteWebElement.java:79)
	at cart.Update.Update(Update.java:37)

Checkout(cart.Checkout)  Time elapsed: 32.072 sec  <<< FAILURE!
org.openqa.selenium.NoSuchElementException: no such element
  (Session info: chrome=40.0.2214.115)
  (Driver info: chromedriver=2.9.248315,platform=Windows NT 6.2 x86_64) (WARNING: The server did not provide any stacktrace information)
Command duration or timeout: 30.01 seconds
For documentation on this error, please visit: http://seleniumhq.org/exceptions/no_such_element.html
Build info: version: '2.43.1', revision: '5163bce', time: '2014-09-10 16:27:58'
System info: host: 'PC-SBARANOVA', ip: '192.168.56.1', os.name: 'Windows 8', os.arch: 'amd64', os.version: '6.2', java.version: '1.8.0_25'
Driver info: org.openqa.selenium.chrome.ChromeDriver
Capabilities [{applicationCacheEnabled=false, rotatable=false, chrome={userDataDir=C:\Users\Lana\AppData\Local\Temp\scoped_dir8880_19903}, takesHeapSnapshot=true, databaseEnabled=false, handlesAlerts=true, version=40.0.2214.115, platform=WIN8, browserConnectionEnabled=false, nativeEvents=true, acceptSslCerts=true, locationContextEnabled=true, webStorageEnabled=true, browserName=chrome, takesScreenshot=true, javascriptEnabled=true, cssSelectorsEnabled=true}]
Session ID: fcb1dff38833dcaeaf31c78f10dd773c
	at sun.reflect.NativeConstructorAccessorImpl.newInstance0(Native Method)
	at sun.reflect.NativeConstructorAccessorImpl.newInstance(NativeConstructorAccessorImpl.java:62)
	at sun.reflect.DelegatingConstructorAccessorImpl.newInstance(DelegatingConstructorAccessorImpl.java:45)
	at java.lang.reflect.Constructor.newInstance(Constructor.java:408)
	at org.openqa.selenium.remote.ErrorHandler.createThrowable(ErrorHandler.java:204)
	at org.openqa.selenium.remote.ErrorHandler.throwIfResponseFailed(ErrorHandler.java:156)
	at org.openqa.selenium.remote.RemoteWebDriver.execute(RemoteWebDriver.java:599)
	at org.openqa.selenium.remote.RemoteWebDriver.findElement(RemoteWebDriver.java:352)
	at org.openqa.selenium.remote.RemoteWebDriver.findElementById(RemoteWebDriver.java:393)
	at org.openqa.selenium.By$ById.findElement(By.java:214)
	at org.openqa.selenium.remote.RemoteWebDriver.findElement(RemoteWebDriver.java:344)
	at cart.Checkout.Checkout(Checkout.java:28)

Menu(account.Menu)  Time elapsed: 46.359 sec  <<< FAILURE!
org.junit.ComparisonFailure: expected:<[YOU ARE NOW LOGGED OUT]> but was:<[]>
	at org.junit.Assert.assertEquals(Assert.java:115)
	at org.junit.Assert.assertEquals(Assert.java:144)
	at account.Menu.Menu(Menu.java:102)

Email(checkout.Email)  Time elapsed: 7.607 sec  <<< FAILURE!
java.lang.IllegalStateException: No match found
	at java.util.regex.Matcher.group(Matcher.java:536)
	at java.util.regex.Matcher.group(Matcher.java:496)
	at checkout.Email.Email(Email.java:77)

Recently_viewed(product.Recently_viewed)  Time elapsed: 102.015 sec  <<< FAILURE!
org.junit.ComparisonFailure: expected:<TOTAL [6] PRODUCTS VIEWED> but was:<TOTAL [8] PRODUCTS VIEWED>
	at org.junit.Assert.assertEquals(Assert.java:115)
	at org.junit.Assert.assertEquals(Assert.java:144)
	at product.Recently_viewed.Recently_viewed(Recently_viewed.java:58)

