<?xml version="1.0" encoding="UTF-8"?>
<testsuite name="TestSuite" time="2,568.996" tests="47" errors="0" skipped="0" failures="6">
  <properties>
[...]
</properties>
  <testcase name="Js_error_home" classname="js_errors.Js_error_home" time="26.812"/>
  <testcase name="Js_error_listing" classname="js_errors.Js_error_listing" time="14.15"/>
  <testcase name="Js_error_product" classname="js_errors.Js_error_product" time="14.074"/>
  <testcase name="Js_error_login" classname="js_errors.Js_error_login" time="12.9"/>
  <testcase name="Js_error_register" classname="js_errors.Js_error_register" time="14.382"/>
  <testcase name="Js_error_account" classname="js_errors.Js_error_account" time="28.065"/>
  <testcase name="Js_cart" classname="js_errors.Js_cart" time="42.776"/>
  <testcase name="Js_checkout" classname="js_errors.Js_checkout" time="40.58"/>
  <testcase name="Search" classname="home.Search" time="53.749"/>
  <testcase name="Menu" classname="home.Menu" time="13.443"/>
  <testcase name="Filter" classname="listing.Filter" time="29.153"/>
  <testcase name="Sort" classname="listing.Sort" time="35.76"/>
  <testcase name="Add_to_wishlist" classname="listing.Add_to_wishlist" time="117.751"/>
  <testcase name="Img_hover" classname="listing.Img_hover" time="16.225"/>
  <testcase name="Next_page" classname="listing.Next_page" time="29.706"/>
  <testcase name="Product_page" classname="listing.Product_page" time="22.908"/>
  <testcase name="Description" classname="listing.Description" time="16.792"/>
  <testcase name="Image" classname="product.Image" time="24.518"/>
  <testcase name="Options" classname="product.Options" time="46.188"/>
  <testcase name="Wishlist" classname="product.Wishlist" time="67.565"/>
  <testcase name="Reviews" classname="product.Reviews" time="19.511"/>
  <testcase name="Ask" classname="product.Ask" time="157.267"/>
  <testcase name="Add_cart" classname="cart.Add_cart" time="37.404"/>
  <testcase name="Delete_cart" classname="cart.Delete_cart" time="10.329">
    <failure message="element not visible&#10;  (Session info: chrome=40.0.2214.115)&#10;  (Driver info: chromedriver=2.9.248315,platform=Windows NT 6.2 x86_64) (WARNING: The server did not provide any stacktrace information)&#10;Command duration or timeout: 22 milliseconds&#10;Build info: version: &apos;2.43.1&apos;, revision: &apos;5163bce&apos;, time: &apos;2014-09-10 16:27:58&apos;&#10;System info: host: &apos;PC-SBARANOVA&apos;, ip: &apos;192.168.56.1&apos;, os.name: &apos;Windows 8&apos;, os.arch: &apos;amd64&apos;, os.version: &apos;6.2&apos;, java.version: &apos;1.8.0_25&apos;&#10;Driver info: org.openqa.selenium.chrome.ChromeDriver&#10;Capabilities [{applicationCacheEnabled=false, rotatable=false, chrome={userDataDir=C:\Users\Lana\AppData\Local\Temp\scoped_dir8880_19903}, takesHeapSnapshot=true, databaseEnabled=false, handlesAlerts=true, version=40.0.2214.115, platform=WIN8, browserConnectionEnabled=false, nativeEvents=true, acceptSslCerts=true, locationContextEnabled=true, webStorageEnabled=true, browserName=chrome, takesScreenshot=true, javascriptEnabled=true, cssSelectorsEnabled=true}]&#10;Session ID: fcb1dff38833dcaeaf31c78f10dd773c" type="org.openqa.selenium.ElementNotVisibleException">org.openqa.selenium.ElementNotVisibleException: element not visible
  (Session info: chrome=40.0.2214.115)
  (Driver info: chromedriver=2.9.248315,platform=Windows NT 6.2 x86_64) (WARNING: The server did not provide any stacktrace information)
Command duration or timeout: 22 milliseconds
Build info: version: '2.43.1', revision: '5163bce', time: '2014-09-10 16:27:58'
System info: host: 'PC-SBARANOVA', ip: '192.168.56.1', os.name: 'Windows 8', os.arch: 'amd64', os.version: '6.2', java.version: '1.8.0_25'
Driver info: org.openqa.selenium.chrome.ChromeDriver
Capabilities [{applicationCacheEnabled=false, rotatable=false, chrome={userDataDir=C:\Users\Lana\AppData\Local\Temp\scoped_dir8880_19903}, takesHeapSnapshot=true, databaseEnabled=false, handlesAlerts=true, version=40.0.2214.115, platform=WIN8, browserConnectionEnabled=false, nativeEvents=true, acceptSslCerts=true, locationContextEnabled=true, webStorageEnabled=true, browserName=chrome, takesScreenshot=true, javascriptEnabled=true, cssSelectorsEnabled=true}]
Session ID: fcb1dff38833dcaeaf31c78f10dd773c
	at sun.reflect.NativeConstructorAccessorImpl.newInstance0(Native Method)
	at sun.reflect.NativeConstructorAccessorImpl.newInstance(NativeConstructorAccessorImpl.java:62)
	at sun.reflect.DelegatingConstructorAccessorImpl.newInstance(DelegatingConstructorAccessorImpl.java:45)
	at java.lang.reflect.Constructor.newInstance(Constructor.java:408)
	at org.openqa.selenium.remote.ErrorHandler.createThrowable(ErrorHandler.java:204)
	at org.openqa.selenium.remote.ErrorHandler.throwIfResponseFailed(ErrorHandler.java:156)
	at org.openqa.selenium.remote.RemoteWebDriver.execute(RemoteWebDriver.java:599)
	at org.openqa.selenium.remote.RemoteWebElement.execute(RemoteWebElement.java:268)
	at org.openqa.selenium.remote.RemoteWebElement.click(RemoteWebElement.java:79)
	at cart.Delete_cart.Delete_cart(Delete_cart.java:28)
</failure>
  </testcase>
  <testcase name="Edit" classname="cart.Edit" time="73.232"/>
  <testcase name="Update" classname="cart.Update" time="25.919">
    <failure message="unknown error: Element is not clickable at point (1152, 477). Other element would receive the click: &lt;div class=&quot;item&quot; id=&quot;cart-item-3128908&quot;&gt;...&lt;/div&gt;&#10;  (Session info: chrome=40.0.2214.115)&#10;  (Driver info: chromedriver=2.9.248315,platform=Windows NT 6.2 x86_64) (WARNING: The server did not provide any stacktrace information)&#10;Command duration or timeout: 109 milliseconds&#10;Build info: version: &apos;2.43.1&apos;, revision: &apos;5163bce&apos;, time: &apos;2014-09-10 16:27:58&apos;&#10;System info: host: &apos;PC-SBARANOVA&apos;, ip: &apos;192.168.56.1&apos;, os.name: &apos;Windows 8&apos;, os.arch: &apos;amd64&apos;, os.version: &apos;6.2&apos;, java.version: &apos;1.8.0_25&apos;&#10;Driver info: org.openqa.selenium.chrome.ChromeDriver&#10;Capabilities [{applicationCacheEnabled=false, rotatable=false, chrome={userDataDir=C:\Users\Lana\AppData\Local\Temp\scoped_dir8880_19903}, takesHeapSnapshot=true, databaseEnabled=false, handlesAlerts=true, version=40.0.2214.115, platform=WIN8, browserConnectionEnabled=false, nativeEvents=true, acceptSslCerts=true, locationContextEnabled=true, webStorageEnabled=true, browserName=chrome, takesScreenshot=true, javascriptEnabled=true, cssSelectorsEnabled=true}]&#10;Session ID: fcb1dff38833dcaeaf31c78f10dd773c" type="org.openqa.selenium.WebDriverException"><![CDATA[org.openqa.selenium.WebDriverException: unknown error: Element is not clickable at point (1152, 477). Other element would receive the click: <div class="item" id="cart-item-3128908">...</div>
  (Session info: chrome=40.0.2214.115)
  (Driver info: chromedriver=2.9.248315,platform=Windows NT 6.2 x86_64) (WARNING: The server did not provide any stacktrace information)
Command duration or timeout: 109 milliseconds
Build info: version: '2.43.1', revision: '5163bce', time: '2014-09-10 16:27:58'
System info: host: 'PC-SBARANOVA', ip: '192.168.56.1', os.name: 'Windows 8', os.arch: 'amd64', os.version: '6.2', java.version: '1.8.0_25'
Driver info: org.openqa.selenium.chrome.ChromeDriver
Capabilities [{applicationCacheEnabled=false, rotatable=false, chrome={userDataDir=C:\Users\Lana\AppData\Local\Temp\scoped_dir8880_19903}, takesHeapSnapshot=true, databaseEnabled=false, handlesAlerts=true, version=40.0.2214.115, platform=WIN8, browserConnectionEnabled=false, nativeEvents=true, acceptSslCerts=true, locationContextEnabled=true, webStorageEnabled=true, browserName=chrome, takesScreenshot=true, javascriptEnabled=true, cssSelectorsEnabled=true}]
Session ID: fcb1dff38833dcaeaf31c78f10dd773c
	at sun.reflect.NativeConstructorAccessorImpl.newInstance0(Native Method)
	at sun.reflect.NativeConstructorAccessorImpl.newInstance(NativeConstructorAccessorImpl.java:62)
	at sun.reflect.DelegatingConstructorAccessorImpl.newInstance(DelegatingConstructorAccessorImpl.java:45)
	at java.lang.reflect.Constructor.newInstance(Constructor.java:408)
	at org.openqa.selenium.remote.ErrorHandler.createThrowable(ErrorHandler.java:204)
	at org.openqa.selenium.remote.ErrorHandler.throwIfResponseFailed(ErrorHandler.java:156)
	at org.openqa.selenium.remote.RemoteWebDriver.execute(RemoteWebDriver.java:599)
	at org.openqa.selenium.remote.RemoteWebElement.execute(RemoteWebElement.java:268)
	at org.openqa.selenium.remote.RemoteWebElement.click(RemoteWebElement.java:79)
	at cart.Update.Update(Update.java:37)
]]></failure>
  </testcase>
  <testcase name="Move_wishlist" classname="cart.Move_wishlist" time="95.385"/>
  <testcase name="Coupon" classname="cart.Coupon" time="79.086"/>
  <testcase name="Checkout" classname="cart.Checkout" time="32.072">
    <failure message="no such element&#10;  (Session info: chrome=40.0.2214.115)&#10;  (Driver info: chromedriver=2.9.248315,platform=Windows NT 6.2 x86_64) (WARNING: The server did not provide any stacktrace information)&#10;Command duration or timeout: 30.01 seconds&#10;For documentation on this error, please visit: http://seleniumhq.org/exceptions/no_such_element.html&#10;Build info: version: &apos;2.43.1&apos;, revision: &apos;5163bce&apos;, time: &apos;2014-09-10 16:27:58&apos;&#10;System info: host: &apos;PC-SBARANOVA&apos;, ip: &apos;192.168.56.1&apos;, os.name: &apos;Windows 8&apos;, os.arch: &apos;amd64&apos;, os.version: &apos;6.2&apos;, java.version: &apos;1.8.0_25&apos;&#10;Driver info: org.openqa.selenium.chrome.ChromeDriver&#10;Capabilities [{applicationCacheEnabled=false, rotatable=false, chrome={userDataDir=C:\Users\Lana\AppData\Local\Temp\scoped_dir8880_19903}, takesHeapSnapshot=true, databaseEnabled=false, handlesAlerts=true, version=40.0.2214.115, platform=WIN8, browserConnectionEnabled=false, nativeEvents=true, acceptSslCerts=true, locationContextEnabled=true, webStorageEnabled=true, browserName=chrome, takesScreenshot=true, javascriptEnabled=true, cssSelectorsEnabled=true}]&#10;Session ID: fcb1dff38833dcaeaf31c78f10dd773c" type="org.openqa.selenium.NoSuchElementException">org.openqa.selenium.NoSuchElementException: no such element
  (Session info: chrome=40.0.2214.115)
  (Driver info: chromedriver=2.9.248315,platform=Windows NT 6.2 x86_64) (WARNING: The server did not provide any stacktrace information)
Command duration or timeout: 30.01 seconds
For documentation on this error, please visit: http://seleniumhq.org/exceptions/no_such_element.html
Build info: version: '2.43.1', revision: '5163bce', time: '2014-09-10 16:27:58'
System info: host: 'PC-SBARANOVA', ip: '192.168.56.1', os.name: 'Windows 8', os.arch: 'amd64', os.version: '6.2', java.version: '1.8.0_25'
Driver info: org.openqa.selenium.chrome.ChromeDriver
Capabilities [{applicationCacheEnabled=false, rotatable=false, chrome={userDataDir=C:\Users\Lana\AppData\Local\Temp\scoped_dir8880_19903}, takesHeapSnapshot=true, databaseEnabled=false, handlesAlerts=true, version=40.0.2214.115, platform=WIN8, browserConnectionEnabled=false, nativeEvents=true, acceptSslCerts=true, locationContextEnabled=true, webStorageEnabled=true, browserName=chrome, takesScreenshot=true, javascriptEnabled=true, cssSelectorsEnabled=true}]
Session ID: fcb1dff38833dcaeaf31c78f10dd773c
	at sun.reflect.NativeConstructorAccessorImpl.newInstance0(Native Method)
	at sun.reflect.NativeConstructorAccessorImpl.newInstance(NativeConstructorAccessorImpl.java:62)
	at sun.reflect.DelegatingConstructorAccessorImpl.newInstance(DelegatingConstructorAccessorImpl.java:45)
	at java.lang.reflect.Constructor.newInstance(Constructor.java:408)
	at org.openqa.selenium.remote.ErrorHandler.createThrowable(ErrorHandler.java:204)
	at org.openqa.selenium.remote.ErrorHandler.throwIfResponseFailed(ErrorHandler.java:156)
	at org.openqa.selenium.remote.RemoteWebDriver.execute(RemoteWebDriver.java:599)
	at org.openqa.selenium.remote.RemoteWebDriver.findElement(RemoteWebDriver.java:352)
	at org.openqa.selenium.remote.RemoteWebDriver.findElementById(RemoteWebDriver.java:393)
	at org.openqa.selenium.By$ById.findElement(By.java:214)
	at org.openqa.selenium.remote.RemoteWebDriver.findElement(RemoteWebDriver.java:344)
	at cart.Checkout.Checkout(Checkout.java:28)
</failure>
  </testcase>
  <testcase name="Empty_field" classname="login.Empty_field" time="14.119"/>
  <testcase name="Invalid_field" classname="login.Invalid_field" time="25.437"/>
  <testcase name="Login" classname="login.Login" time="30.653"/>
  <testcase name="Empty_field" classname="register.Empty_field" time="13.337"/>
  <testcase name="Invalide_fields" classname="register.Invalide_fields" time="19.356"/>
  <testcase name="Valide_fields" classname="register.Valide_fields" time="154.539"/>
  <testcase name="Edit_account" classname="account.Edit_account" time="63.12"/>
  <testcase name="Menu" classname="account.Menu" time="46.359">
    <failure message="expected:&lt;[YOU ARE NOW LOGGED OUT]&gt; but was:&lt;[]&gt;" type="org.junit.ComparisonFailure"><![CDATA[org.junit.ComparisonFailure: expected:<[YOU ARE NOW LOGGED OUT]> but was:<[]>
	at org.junit.Assert.assertEquals(Assert.java:115)
	at org.junit.Assert.assertEquals(Assert.java:144)
	at account.Menu.Menu(Menu.java:102)
]]></failure>
  </testcase>
  <testcase name="Address" classname="account.Address" time="69.788"/>
  <testcase name="Create_delete_wishlist" classname="wishlist.Create_delete_wishlist" time="73.416"/>
  <testcase name="Add_cart" classname="wishlist.Add_cart" time="79.721"/>
  <testcase name="Add_delete_wishlist" classname="wishlist.Add_delete_wishlist" time="69.684"/>
  <testcase name="Share" classname="wishlist.Share" time="142.736"/>
  <testcase name="Add_all_cart" classname="wishlist.Add_all_cart" time="108.823"/>
  <testcase name="Order_login_customer" classname="checkout.Order_login_customer" time="178.197"/>
  <testcase name="Order_logout" classname="checkout.Order_logout" time="172.387"/>
  <testcase name="Email" classname="checkout.Email" time="7.607">
    <failure message="No match found" type="java.lang.IllegalStateException">java.lang.IllegalStateException: No match found
	at java.util.regex.Matcher.group(Matcher.java:536)
	at java.util.regex.Matcher.group(Matcher.java:496)
	at checkout.Email.Email(Email.java:77)
</failure>
  </testcase>
  <testcase name="Recently_viewed" classname="product.Recently_viewed" time="102.015">
    <failure message="expected:&lt;TOTAL [6] PRODUCTS VIEWED&gt; but was:&lt;TOTAL [8] PRODUCTS VIEWED&gt;" type="org.junit.ComparisonFailure"><![CDATA[org.junit.ComparisonFailure: expected:<TOTAL [6] PRODUCTS VIEWED> but was:<TOTAL [8] PRODUCTS VIEWED>
	at org.junit.Assert.assertEquals(Assert.java:115)
	at org.junit.Assert.assertEquals(Assert.java:144)
	at product.Recently_viewed.Recently_viewed(Recently_viewed.java:58)
]]></failure>
  </testcase>
</testsuite>