<?xml version="1.0" encoding="UTF-8"?>
<testng-results skipped="0" failed="1" total="1" passed="0">
  <reporter-output>
  </reporter-output>
  <suite name="Tests" duration-ms="35847" started-at="2014-10-17T09:07:43Z" finished-at="2014-10-17T09:08:19Z">
    <groups>
    </groups>
    <test name="Test1" duration-ms="35847" started-at="2014-10-17T09:07:43Z" finished-at="2014-10-17T09:08:19Z">
      <class name="product.Recently_viewed">
        <test-method status="PASS" signature="init()[pri:0, instance:product.Recently_viewed@23757423]" name="init" is-config="true" duration-ms="14329" started-at="2014-10-17T13:07:43Z" finished-at="2014-10-17T13:07:58Z">
          <reporter-output>
          </reporter-output>
        </test-method> <!-- init -->
        <test-method status="FAIL" signature="testUntitled5()[pri:0, instance:product.Recently_viewed@23757423]" name="testUntitled5" duration-ms="21425" started-at="2014-10-17T13:07:58Z" finished-at="2014-10-17T13:08:19Z">
          <exception class="org.openqa.selenium.WebDriverException">
            <message>
              <![CDATA[unknown error: cannot get automation extension
from timeout: Timed out receiving message from renderer: -9.933
  (Session info: chrome=38.0.2125.101)
  (Driver info: chromedriver=2.9.248315,platform=Windows NT 6.2 x86_64) (WARNING: The server did not provide any stacktrace information)
Command duration or timeout: 20.68 seconds
Build info: version: '2.43.1', revision: '5163bce', time: '2014-09-10 16:27:58'
System info: host: 'Lana-laptop', ip: '192.168.56.1', os.name: 'Windows 8', os.arch: 'amd64', os.version: '6.2', java.version: '1.7.0_45'
Session ID: 92b2622a8089eed77029308ab492b6bb
Driver info: org.openqa.selenium.chrome.ChromeDriver
Capabilities [{platform=WIN8, acceptSslCerts=true, javascriptEnabled=true, browserName=chrome, chrome={userDataDir=C:\Users\Lana\AppData\Local\Temp\scoped_dir7344_4073}, rotatable=false, locationContextEnabled=true, version=38.0.2125.101, takesHeapSnapshot=true, cssSelectorsEnabled=true, databaseEnabled=false, handlesAlerts=true, browserConnectionEnabled=false, nativeEvents=true, webStorageEnabled=true, applicationCacheEnabled=false, takesScreenshot=true}]]]>
            </message>
            <full-stacktrace>
              <![CDATA[org.openqa.selenium.WebDriverException: unknown error: cannot get automation extension
from timeout: Timed out receiving message from renderer: -9.933
  (Session info: chrome=38.0.2125.101)
  (Driver info: chromedriver=2.9.248315,platform=Windows NT 6.2 x86_64) (WARNING: The server did not provide any stacktrace information)
Command duration or timeout: 20.68 seconds
Build info: version: '2.43.1', revision: '5163bce', time: '2014-09-10 16:27:58'
System info: host: 'Lana-laptop', ip: '192.168.56.1', os.name: 'Windows 8', os.arch: 'amd64', os.version: '6.2', java.version: '1.7.0_45'
Session ID: 92b2622a8089eed77029308ab492b6bb
Driver info: org.openqa.selenium.chrome.ChromeDriver
Capabilities [{platform=WIN8, acceptSslCerts=true, javascriptEnabled=true, browserName=chrome, chrome={userDataDir=C:\Users\Lana\AppData\Local\Temp\scoped_dir7344_4073}, rotatable=false, locationContextEnabled=true, version=38.0.2125.101, takesHeapSnapshot=true, cssSelectorsEnabled=true, databaseEnabled=false, handlesAlerts=true, browserConnectionEnabled=false, nativeEvents=true, webStorageEnabled=true, applicationCacheEnabled=false, takesScreenshot=true}]
	at sun.reflect.NativeConstructorAccessorImpl.newInstance0(Native Method)
	at sun.reflect.NativeConstructorAccessorImpl.newInstance(Unknown Source)
	at sun.reflect.DelegatingConstructorAccessorImpl.newInstance(Unknown Source)
	at java.lang.reflect.Constructor.newInstance(Unknown Source)
	at org.openqa.selenium.remote.ErrorHandler.createThrowable(ErrorHandler.java:204)
	at org.openqa.selenium.remote.ErrorHandler.throwIfResponseFailed(ErrorHandler.java:156)
	at org.openqa.selenium.remote.RemoteWebDriver.execute(RemoteWebDriver.java:599)
	at org.openqa.selenium.remote.RemoteWebDriver$RemoteWebDriverOptions$RemoteWindow.maximize(RemoteWebDriver.java:829)
	at product.Recently_viewed.testUntitled5(Recently_viewed.java:23)
	at sun.reflect.NativeMethodAccessorImpl.invoke0(Native Method)
	at sun.reflect.NativeMethodAccessorImpl.invoke(Unknown Source)
	at sun.reflect.DelegatingMethodAccessorImpl.invoke(Unknown Source)
	at java.lang.reflect.Method.invoke(Unknown Source)
	at org.testng.internal.MethodInvocationHelper.invokeMethod(MethodInvocationHelper.java:84)
	at org.testng.internal.Invoker.invokeMethod(Invoker.java:714)
	at org.testng.internal.Invoker.invokeTestMethod(Invoker.java:901)
	at org.testng.internal.Invoker.invokeTestMethods(Invoker.java:1231)
	at org.testng.internal.TestMethodWorker.invokeTestMethods(TestMethodWorker.java:127)
	at org.testng.internal.TestMethodWorker.run(TestMethodWorker.java:111)
	at org.testng.TestRunner.privateRun(TestRunner.java:767)
	at org.testng.TestRunner.run(TestRunner.java:617)
	at org.testng.SuiteRunner.runTest(SuiteRunner.java:334)
	at org.testng.SuiteRunner.runSequentially(SuiteRunner.java:329)
	at org.testng.SuiteRunner.privateRun(SuiteRunner.java:291)
	at org.testng.SuiteRunner.run(SuiteRunner.java:240)
	at org.testng.SuiteRunnerWorker.runSuite(SuiteRunnerWorker.java:52)
	at org.testng.SuiteRunnerWorker.run(SuiteRunnerWorker.java:86)
	at org.testng.TestNG.runSuitesSequentially(TestNG.java:1224)
	at org.testng.TestNG.runSuitesLocally(TestNG.java:1149)
	at org.testng.TestNG.run(TestNG.java:1057)
	at org.testng.remote.RemoteTestNG.run(RemoteTestNG.java:111)
	at org.testng.remote.RemoteTestNG.initAndRun(RemoteTestNG.java:204)
	at org.testng.remote.RemoteTestNG.main(RemoteTestNG.java:175)
]]>
            </full-stacktrace>
          </exception> <!-- org.openqa.selenium.WebDriverException -->
          <reporter-output>
          </reporter-output>
        </test-method> <!-- testUntitled5 -->
        <test-method status="PASS" signature="tearDown()[pri:0, instance:product.Recently_viewed@23757423]" name="tearDown" is-config="true" duration-ms="1228" started-at="2014-10-17T13:08:23Z" finished-at="2014-10-17T13:08:25Z">
          <reporter-output>
          </reporter-output>
        </test-method> <!-- tearDown -->
      </class> <!-- product.Recently_viewed -->
    </test> <!-- Test1 -->
  </suite> <!-- Tests -->
</testng-results>
